# JRE version: Java(TM) SE Runtime Environment (8.0_66-b17) (build 1.8.0_66-b17)
# Java VM: Java HotSpot(TM) Client VM (25.66-b17 mixed mode windows-x86 )
Heap:
 def new generation   total 4928K, used 721K [0x04a00000, 0x04f50000, 0x09f50000)
  eden space 4416K,  16% used [0x04a00000, 0x04ab3c20, 0x04e50000)
  from space 512K,   0% used [0x04ed0000, 0x04ed0850, 0x04f50000)
  to   space 512K,   0% used [0x04e50000, 0x04e50000, 0x04ed0000)
 tenured generation   total 10944K, used 1235K [0x09f50000, 0x0aa00000, 0x14a00000)
   the space 10944K,  11% used [0x09f50000, 0x0a084e58, 0x0a085000, 0x0aa00000)
 Metaspace       used 2225K, capacity 2376K, committed 2496K, reserved 4480K
GC Heap History (10 events):
Event: 4.898 GC heap before
{Heap before GC invocations=302 (full 0):
 def new generation   total 4928K, used 4416K [0x04a00000, 0x04f50000, 0x09f50000)
  eden space 4416K, 100% used [0x04a00000, 0x04e50000, 0x04e50000)
  from space 512K,   0% used [0x04e50000, 0x04e50040, 0x04ed0000)
  to   space 512K,   0% used [0x04ed0000, 0x04ed0000, 0x04f50000)
 tenured generation   total 10944K, used 1235K [0x09f50000, 0x0aa00000, 0x14a00000)
   the space 10944K,  11% used [0x09f50000, 0x0a084e58, 0x0a085000, 0x0aa00000)
 Metaspace       used 2225K, capacity 2376K, committed 2496K, reserved 4480K
Event: 4.899 GC heap after
Heap after GC invocations=303 (full 0):
 def new generation   total 4928K, used 2K [0x04a00000, 0x04f50000, 0x09f50000)
  eden space 4416K,   0% used [0x04a00000, 0x04a00000, 0x04e50000)
  from space 512K,   0% used [0x04ed0000, 0x04ed0850, 0x04f50000)
  to   space 512K,   0% used [0x04e50000, 0x04e50000, 0x04ed0000)
 tenured generation   total 10944K, used 1235K [0x09f50000, 0x0aa00000, 0x14a00000)
   the space 10944K,  11% used [0x09f50000, 0x0a084e58, 0x0a085000, 0x0aa00000)
 Metaspace       used 2225K, capacity 2376K, committed 2496K, reserved 4480K
}
Event: 4.911 GC heap before
{Heap before GC invocations=303 (full 0):
 def new generation   total 4928K, used 4418K [0x04a00000, 0x04f50000, 0x09f50000)
  eden space 4416K, 100% used [0x04a00000, 0x04e50000, 0x04e50000)
  from space 512K,   0% used [0x04ed0000, 0x04ed0850, 0x04f50000)
  to   space 512K,   0% used [0x04e50000, 0x04e50000, 0x04ed0000)
 tenured generation   total 10944K, used 1235K [0x09f50000, 0x0aa00000, 0x14a00000)
   the space 10944K,  11% used [0x09f50000, 0x0a084e58, 0x0a085000, 0x0aa00000)
 Metaspace       used 2225K, capacity 2376K, committed 2496K, reserved 4480K
Event: 4.912 GC heap after
Heap after GC invocations=304 (full 0):
 def new generation   total 4928K, used 0K [0x04a00000, 0x04f50000, 0x09f50000)
  eden space 4416K,   0% used [0x04a00000, 0x04a00000, 0x04e50000)
  from space 512K,   0% used [0x04e50000, 0x04e50040, 0x04ed0000)
  to   space 512K,   0% used [0x04ed0000, 0x04ed0000, 0x04f50000)
 tenured generation   total 10944K, used 1235K [0x09f50000, 0x0aa00000, 0x14a00000)
   the space 10944K,  11% used [0x09f50000, 0x0a084e58, 0x0a085000, 0x0aa00000)
 Metaspace       used 2225K, capacity 2376K, committed 2496K, reserved 4480K
}
Event: 4.924 GC heap before
{Heap before GC invocations=304 (full 0):
 def new generation   total 4928K, used 4416K [0x04a00000, 0x04f50000, 0x09f50000)
  eden space 4416K, 100% used [0x04a00000, 0x04e50000, 0x04e50000)
  from space 512K,   0% used [0x04e50000, 0x04e50040, 0x04ed0000)
  to   space 512K,   0% used [0x04ed0000, 0x04ed0000, 0x04f50000)
 tenured generation   total 10944K, used 1235K [0x09f50000, 0x0aa00000, 0x14a00000)
   the space 10944K,  11% used [0x09f50000, 0x0a084e58, 0x0a085000, 0x0aa00000)
 Metaspace       used 2225K, capacity 2376K, committed 2496K, reserved 4480K
Event: 4.924 GC heap after
Heap after GC invocations=305 (full 0):
 def new generation   total 4928K, used 2K [0x04a00000, 0x04f50000, 0x09f50000)
  eden space 4416K,   0% used [0x04a00000, 0x04a00000, 0x04e50000)
  from space 512K,   0% used [0x04ed0000, 0x04ed0850, 0x04f50000)
  to   space 512K,   0% used [0x04e50000, 0x04e50000, 0x04ed0000)
 tenured generation   total 10944K, used 1235K [0x09f50000, 0x0aa00000, 0x14a00000)
   the space 10944K,  11% used [0x09f50000, 0x0a084e58, 0x0a085000, 0x0aa00000)
 Metaspace       used 2225K, capacity 2376K, committed 2496K, reserved 4480K
}
Event: 4.936 GC heap before
{Heap before GC invocations=305 (full 0):
 def new generation   total 4928K, used 4418K [0x04a00000, 0x04f50000, 0x09f50000)
  eden space 4416K, 100% used [0x04a00000, 0x04e50000, 0x04e50000)
  from space 512K,   0% used [0x04ed0000, 0x04ed0850, 0x04f50000)
  to   space 512K,   0% used [0x04e50000, 0x04e50000, 0x04ed0000)
 tenured generation   total 10944K, used 1235K [0x09f50000, 0x0aa00000, 0x14a00000)
   the space 10944K,  11% used [0x09f50000, 0x0a084e58, 0x0a085000, 0x0aa00000)
 Metaspace       used 2225K, capacity 2376K, committed 2496K, reserved 4480K
Event: 4.936 GC heap after
Heap after GC invocations=306 (full 0):
 def new generation   total 4928K, used 0K [0x04a00000, 0x04f50000, 0x09f50000)
  eden space 4416K,   0% used [0x04a00000, 0x04a00000, 0x04e50000)
  from space 512K,   0% used [0x04e50000, 0x04e50040, 0x04ed0000)
  to   space 512K,   0% used [0x04ed0000, 0x04ed0000, 0x04f50000)
 tenured generation   total 10944K, used 1235K [0x09f50000, 0x0aa00000, 0x14a00000)
   the space 10944K,  11% used [0x09f50000, 0x0a084e58, 0x0a085000, 0x0aa00000)
 Metaspace       used 2225K, capacity 2376K, committed 2496K, reserved 4480K
}
Event: 4.952 GC heap before
{Heap before GC invocations=306 (full 0):
 def new generation   total 4928K, used 4416K [0x04a00000, 0x04f50000, 0x09f50000)
  eden space 4416K, 100% used [0x04a00000, 0x04e50000, 0x04e50000)
  from space 512K,   0% used [0x04e50000, 0x04e50040, 0x04ed0000)
  to   space 512K,   0% used [0x04ed0000, 0x04ed0000, 0x04f50000)
 tenured generation   total 10944K, used 1235K [0x09f50000, 0x0aa00000, 0x14a00000)
   the space 10944K,  11% used [0x09f50000, 0x0a084e58, 0x0a085000, 0x0aa00000)
 Metaspace       used 2225K, capacity 2376K, committed 2496K, reserved 4480K
Event: 4.952 GC heap after
Heap after GC invocations=307 (full 0):
 def new generation   total 4928K, used 2K [0x04a00000, 0x04f50000, 0x09f50000)
  eden space 4416K,   0% used [0x04a00000, 0x04a00000, 0x04e50000)
  from space 512K,   0% used [0x04ed0000, 0x04ed0850, 0x04f50000)
  to   space 512K,   0% used [0x04e50000, 0x04e50000, 0x04ed0000)
 tenured generation   total 10944K, used 1235K [0x09f50000, 0x0aa00000, 0x14a00000)
   the space 10944K,  11% used [0x09f50000, 0x0a084e58, 0x0a085000, 0x0aa00000)
 Metaspace       used 2225K, capacity 2376K, committed 2496K, reserved 4480K
}

